<?xml version="1.0" encoding="UTF-8"?>
<!-- Generated by org.testng.reporters.JUnitReportReporter -->
<testsuite hostname="Isaías" failures="0" tests="1" name="com.reportsPackage.qs.SearchSummerDresses" time="3.340" errors="0" timestamp="9 May 2021 01:42:47 GMT">
  <testcase classname="com.reportsPackage.qs.SearchSummerDresses" name="search_SummerBlouses" time="3.340"/>
</testsuite> <!-- com.reportsPackage.qs.SearchSummerDresses -->
