<?xml version="1.0" encoding="UTF-8"?>
<!-- Generated by org.testng.reporters.JUnitReportReporter -->
<testsuite hostname="Isaías" failures="0" tests="1" name="com.qualitystream.testng.TestNGExample" time="7.826" errors="0" timestamp="6 May 2021 00:23:55 GMT">
  <testcase classname="com.qualitystream.testng.TestNGExample" name="searchBlouses" time="7.826"/>
</testsuite> <!-- com.qualitystream.testng.TestNGExample -->
