<?xml version="1.0" encoding="UTF-8"?>
<!-- Generated by org.testng.reporters.JUnitReportReporter -->
<testsuite hostname="Isaías" failures="0" tests="1" name="com.reportsPackage.qs.SearchBlouses" time="5.154" errors="0" timestamp="9 May 2021 01:42:47 GMT">
  <testcase classname="com.reportsPackage.qs.SearchBlouses" name="search_Blouses" time="5.154"/>
</testsuite> <!-- com.reportsPackage.qs.SearchBlouses -->
