<?xml version="1.0" encoding="UTF-8"?>
<!-- Generated by org.testng.reporters.JUnitReportReporter -->
<testsuite hostname="Isaías" failures="0" tests="1" name="com.reportsPackage.qs.SearchPrintedDress" time="3.456" errors="0" timestamp="9 May 2021 01:42:47 GMT">
  <testcase classname="com.reportsPackage.qs.SearchPrintedDress" name="search_PrintedDress" time="3.456"/>
</testsuite> <!-- com.reportsPackage.qs.SearchPrintedDress -->
